<?xml version="1.0" encoding="UTF-8"?>
<testng-results ignored="0" total="1" passed="1" failed="0" skipped="0">
  <reporter-output>
  </reporter-output>
  <suite started-at="2024-05-27T10:10:52Z" name="InetBankingV1" finished-at="2024-05-27T10:11:12Z" duration-ms="20328">
    <groups>
    </groups>
    <test started-at="2024-05-27T10:10:52Z" name="BankingApp Test" finished-at="2024-05-27T10:11:12Z" duration-ms="20328">
      <class name="com.inetbanking.testCases.TC_LoginPage_001">
        <test-method is-config="true" signature="setUp(java.lang.String)[pri:0, instance:com.inetbanking.testCases.TC_LoginPage_001@7c469c48]" started-at="2024-05-27T10:10:52Z" name="setUp" finished-at="2024-05-27T10:11:01Z" duration-ms="8974" status="PASS">
          <params>
            <param index="0">
              <value>
                <![CDATA[chrome]]>
              </value>
            </param>
          </params>
          <reporter-output>
          </reporter-output>
        </test-method> <!-- setUp -->
        <test-method signature="loginTest()[pri:0, instance:com.inetbanking.testCases.TC_LoginPage_001@7c469c48]" started-at="2024-05-27T10:11:01Z" name="loginTest" finished-at="2024-05-27T10:11:11Z" duration-ms="10392" status="PASS">
          <reporter-output>
          </reporter-output>
        </test-method> <!-- loginTest -->
        <test-method is-config="true" signature="tearDown()[pri:0, instance:com.inetbanking.testCases.TC_LoginPage_001@7c469c48]" started-at="2024-05-27T10:11:11Z" name="tearDown" finished-at="2024-05-27T10:11:12Z" duration-ms="566" status="PASS">
          <reporter-output>
          </reporter-output>
        </test-method> <!-- tearDown -->
      </class> <!-- com.inetbanking.testCases.TC_LoginPage_001 -->
    </test> <!-- BankingApp Test -->
  </suite> <!-- InetBankingV1 -->
</testng-results>
